<?xml version="1.0" encoding="UTF-8"?>
<testsuite name="As an user app" tests="1" skipped="0" failures="0" errors="0" timestamp="2021-02-05T17:15:17" hostname="DESKTOP-GBVKJ12" time="31.706">
  <properties/>
  <testcase name="Search in Amazon web store" classname="As an user app" time="31.706"/>
  <system-out><![CDATA[]]></system-out>
  <system-err><![CDATA[feb 05, 2021 12:15:18 PM org.openqa.selenium.remote.DesiredCapabilities chrome
INFORMACIÓN: Using `new ChromeOptions()` is preferred to `DesiredCapabilities.chrome()`
[Test worker] INFO net.serenitybdd.core.webdriver.driverproviders.ProvideNewDriver - Instantiating driver
[Test worker] INFO net.serenitybdd.core.webdriver.driverproviders.ProvideNewDriver - Driver capabilities: Capabilities {acceptInsecureCerts: false, browserName: chrome, chrome.switches: --start-maximized, goog:chromeOptions: {args: [--start-maximized], extensions: []}, loggingPrefs: org.openqa.selenium.logging..., platform: ANY, version: }
Starting ChromeDriver 2.39.562718 (9a2698cba08cf5a471a29d30c8b3e12becabb0e9) on port 43286
Only local connections are allowed.
[1612545324.383][WARNING]: Timed out connecting to Chrome, retrying...
feb 05, 2021 12:15:26 PM org.openqa.selenium.remote.ProtocolHandshake createSession
INFORMACIÓN: Detected dialect: OSS
[Test worker] INFO net.thucydides.core.steps.ConsoleLoggingListener - 
        __    _____ _____ ____ _____   ____   _    ____  ____  _____ ____  
  _     \ \  |_   _| ____/ ___|_   _| |  _ \ / \  / ___|/ ___|| ____|  _ \ 
 (_)_____| |   | | |  _| \___ \ | |   | |_) / _ \ \___ \\___ \|  _| | | | |
  _|_____| |   | | | |___ ___) || |   |  __/ ___ \ ___) |___) | |___| |_| |
 (_)     | |   |_| |_____|____/ |_|   |_| /_/   \_\____/|____/|_____|____/ 
        /_/                                                                

TEST PASSED: Search in Amazon web store
----------------------------------------------------------------------------
]]></system-err>
</testsuite>
